com.zaxxer.hikari.pool.HikariPool-[WARN]- 2024-07-18 00:19:47,849-HikariPool-1 - Thread starvation or clock leap detected (housekeeper delta=9m38s267ms456µs100ns).-
com.zaxxer.hikari.pool.HikariPool-[WARN]- 2024-07-18 00:26:46,188-HikariPool-1 - Thread starvation or clock leap detected (housekeeper delta=7m14s653ms930µs700ns).-
com.example.demo.DemoApplication-[INFO]- 2024-07-18 00:29:16,465-Starting DemoApplication using Java 21.0.3 with PID 17656 (C:\Users\asus\Downloads\02_Spring_product_crud_jpa\02_Spring_product_crud_jpa\target\classes started by asus in C:\Users\asus\Downloads\02_Spring_product_crud_jpa\02_Spring_product_crud_jpa)-
com.example.demo.DemoApplication-[INFO]- 2024-07-18 00:29:16,470-No active profile set, falling back to 1 default profile: "default"-
org.springframework.boot.devtools.env.DevToolsPropertyDefaultsPostProcessor-[INFO]- 2024-07-18 00:29:16,532-Devtools property defaults active! Set 'spring.devtools.add-properties' to 'false' to disable-
org.springframework.boot.devtools.env.DevToolsPropertyDefaultsPostProcessor-[INFO]- 2024-07-18 00:29:16,532-For additional web related logging consider setting the 'logging.level.web' property to 'DEBUG'-
org.springframework.data.repository.config.RepositoryConfigurationDelegate-[INFO]- 2024-07-18 00:29:19,109-Bootstrapping Spring Data JPA repositories in DEFAULT mode.-
org.springframework.data.repository.config.RepositoryConfigurationDelegate-[INFO]- 2024-07-18 00:29:19,186-Finished Spring Data repository scanning in 64 ms. Found 1 JPA repository interface.-
org.springframework.boot.web.embedded.tomcat.TomcatWebServer-[INFO]- 2024-07-18 00:29:20,425-Tomcat initialized with port 9191 (http)-
org.apache.catalina.core.StandardService-[INFO]- 2024-07-18 00:29:20,463-Starting service [Tomcat]-
org.apache.catalina.core.StandardEngine-[INFO]- 2024-07-18 00:29:20,464-Starting Servlet engine: [Apache Tomcat/10.1.24]-
org.apache.catalina.core.ContainerBase.[Tomcat].[localhost].[/]-[INFO]- 2024-07-18 00:29:20,551-Initializing Spring embedded WebApplicationContext-
org.springframework.boot.web.servlet.context.ServletWebServerApplicationContext-[INFO]- 2024-07-18 00:29:20,551-Root WebApplicationContext: initialization completed in 4018 ms-
org.hibernate.jpa.internal.util.LogHelper-[INFO]- 2024-07-18 00:29:20,786-HHH000204: Processing PersistenceUnitInfo [name: default]-
org.hibernate.Version-[INFO]- 2024-07-18 00:29:20,865-HHH000412: Hibernate ORM core version 6.5.2.Final-
org.hibernate.cache.internal.RegionFactoryInitiator-[INFO]- 2024-07-18 00:29:20,912-HHH000026: Second-level cache disabled-
org.springframework.orm.jpa.persistenceunit.SpringPersistenceUnitInfo-[INFO]- 2024-07-18 00:29:21,427-No LoadTimeWeaver setup: ignoring JPA class transformer-
com.zaxxer.hikari.HikariDataSource-[INFO]- 2024-07-18 00:29:21,465-HikariPool-1 - Starting...-
com.zaxxer.hikari.pool.HikariPool-[INFO]- 2024-07-18 00:29:22,192-HikariPool-1 - Added connection com.mysql.cj.jdbc.ConnectionImpl@5b22eea5-
com.zaxxer.hikari.HikariDataSource-[INFO]- 2024-07-18 00:29:22,197-HikariPool-1 - Start completed.-
org.hibernate.engine.transaction.jta.platform.internal.JtaPlatformInitiator-[INFO]- 2024-07-18 00:29:24,201-HHH000489: No JTA platform available (set 'hibernate.transaction.jta.platform' to enable JTA platform integration)-
org.springframework.orm.jpa.LocalContainerEntityManagerFactoryBean-[INFO]- 2024-07-18 00:29:27,990-Initialized JPA EntityManagerFactory for persistence unit 'default'-
org.springframework.boot.autoconfigure.orm.jpa.JpaBaseConfiguration$JpaWebConfiguration-[WARN]- 2024-07-18 00:29:28,414-spring.jpa.open-in-view is enabled by default. Therefore, database queries may be performed during view rendering. Explicitly configure spring.jpa.open-in-view to disable this warning-
org.springframework.boot.devtools.autoconfigure.OptionalLiveReloadServer-[WARN]- 2024-07-18 00:29:29,683-Unable to start LiveReload server-
org.springframework.boot.web.servlet.context.AnnotationConfigServletWebServerApplicationContext-[WARN]- 2024-07-18 00:29:29,718-Exception encountered during context initialization - cancelling refresh attempt: org.springframework.context.ApplicationContextException: Failed to start bean 'webServerStartStop'-
org.springframework.orm.jpa.LocalContainerEntityManagerFactoryBean-[INFO]- 2024-07-18 00:29:29,721-Closing JPA EntityManagerFactory for persistence unit 'default'-
com.zaxxer.hikari.HikariDataSource-[INFO]- 2024-07-18 00:29:29,725-HikariPool-1 - Shutdown initiated...-
com.zaxxer.hikari.HikariDataSource-[INFO]- 2024-07-18 00:29:29,741-HikariPool-1 - Shutdown completed.-
org.springframework.boot.autoconfigure.logging.ConditionEvaluationReportLogger-[INFO]- 2024-07-18 00:29:29,760-

Error starting ApplicationContext. To display the condition evaluation report re-run your application with 'debug' enabled.-
org.springframework.boot.diagnostics.LoggingFailureAnalysisReporter-[ERROR]- 2024-07-18 00:29:29,779-

***************************
APPLICATION FAILED TO START
***************************

Description:

Web server failed to start. Port 9191 was already in use.

Action:

Identify and stop the process that's listening on port 9191 or configure this application to listen on another port.
-
org.springframework.boot.admin.SpringApplicationAdminMXBeanRegistrar$SpringApplicationAdmin-[INFO]- 2024-07-18 00:30:15,135-Application shutdown requested.-
org.apache.tomcat.util.net.Acceptor-[WARN]- 2024-07-18 00:30:32,317-The acceptor thread [http-nio-9191-Acceptor] did not stop cleanly-
org.springframework.orm.jpa.LocalContainerEntityManagerFactoryBean-[INFO]- 2024-07-18 00:30:34,333-Closing JPA EntityManagerFactory for persistence unit 'default'-
com.zaxxer.hikari.HikariDataSource-[INFO]- 2024-07-18 00:30:41,298-HikariPool-1 - Shutdown initiated...-
com.zaxxer.hikari.HikariDataSource-[INFO]- 2024-07-18 00:30:42,257-HikariPool-1 - Shutdown completed.-
com.example.demo.DemoApplication-[INFO]- 2024-07-18 00:31:27,177-Starting DemoApplication using Java 21.0.3 with PID 11988 (C:\Users\asus\Downloads\02_Spring_product_crud_jpa\02_Spring_product_crud_jpa\target\classes started by asus in C:\Users\asus\Downloads\02_Spring_product_crud_jpa\02_Spring_product_crud_jpa)-
com.example.demo.DemoApplication-[INFO]- 2024-07-18 00:31:27,179-No active profile set, falling back to 1 default profile: "default"-
org.springframework.boot.devtools.env.DevToolsPropertyDefaultsPostProcessor-[INFO]- 2024-07-18 00:31:27,230-Devtools property defaults active! Set 'spring.devtools.add-properties' to 'false' to disable-
org.springframework.boot.devtools.env.DevToolsPropertyDefaultsPostProcessor-[INFO]- 2024-07-18 00:31:27,230-For additional web related logging consider setting the 'logging.level.web' property to 'DEBUG'-
org.springframework.data.repository.config.RepositoryConfigurationDelegate-[INFO]- 2024-07-18 00:31:29,802-Bootstrapping Spring Data JPA repositories in DEFAULT mode.-
org.springframework.data.repository.config.RepositoryConfigurationDelegate-[INFO]- 2024-07-18 00:31:29,849-Finished Spring Data repository scanning in 41 ms. Found 1 JPA repository interface.-
org.springframework.boot.web.embedded.tomcat.TomcatWebServer-[INFO]- 2024-07-18 00:31:32,778-Tomcat initialized with port 9191 (http)-
org.apache.catalina.core.StandardService-[INFO]- 2024-07-18 00:31:32,790-Starting service [Tomcat]-
org.apache.catalina.core.StandardEngine-[INFO]- 2024-07-18 00:31:32,791-Starting Servlet engine: [Apache Tomcat/10.1.24]-
org.apache.catalina.core.ContainerBase.[Tomcat].[localhost].[/]-[INFO]- 2024-07-18 00:31:32,837-Initializing Spring embedded WebApplicationContext-
org.springframework.boot.web.servlet.context.ServletWebServerApplicationContext-[INFO]- 2024-07-18 00:31:32,838-Root WebApplicationContext: initialization completed in 5607 ms-
org.hibernate.jpa.internal.util.LogHelper-[INFO]- 2024-07-18 00:31:33,123-HHH000204: Processing PersistenceUnitInfo [name: default]-
org.hibernate.Version-[INFO]- 2024-07-18 00:31:33,179-HHH000412: Hibernate ORM core version 6.5.2.Final-
org.hibernate.cache.internal.RegionFactoryInitiator-[INFO]- 2024-07-18 00:31:33,209-HHH000026: Second-level cache disabled-
org.springframework.orm.jpa.persistenceunit.SpringPersistenceUnitInfo-[INFO]- 2024-07-18 00:31:33,509-No LoadTimeWeaver setup: ignoring JPA class transformer-
com.zaxxer.hikari.HikariDataSource-[INFO]- 2024-07-18 00:31:33,535-HikariPool-1 - Starting...-
com.zaxxer.hikari.pool.HikariPool-[INFO]- 2024-07-18 00:31:34,085-HikariPool-1 - Added connection com.mysql.cj.jdbc.ConnectionImpl@16bc65ea-
com.zaxxer.hikari.HikariDataSource-[INFO]- 2024-07-18 00:31:34,089-HikariPool-1 - Start completed.-
org.hibernate.engine.transaction.jta.platform.internal.JtaPlatformInitiator-[INFO]- 2024-07-18 00:31:35,230-HHH000489: No JTA platform available (set 'hibernate.transaction.jta.platform' to enable JTA platform integration)-
org.springframework.orm.jpa.LocalContainerEntityManagerFactoryBean-[INFO]- 2024-07-18 00:31:35,967-Initialized JPA EntityManagerFactory for persistence unit 'default'-
org.springframework.boot.autoconfigure.orm.jpa.JpaBaseConfiguration$JpaWebConfiguration-[WARN]- 2024-07-18 00:31:36,316-spring.jpa.open-in-view is enabled by default. Therefore, database queries may be performed during view rendering. Explicitly configure spring.jpa.open-in-view to disable this warning-
org.springframework.boot.devtools.autoconfigure.OptionalLiveReloadServer-[WARN]- 2024-07-18 00:31:38,003-Unable to start LiveReload server-
org.springframework.boot.web.embedded.tomcat.TomcatWebServer-[INFO]- 2024-07-18 00:31:38,335-Tomcat started on port 9191 (http) with context path '/'-
com.example.demo.DemoApplication-[INFO]- 2024-07-18 00:31:38,351-Started DemoApplication in 11.918 seconds (process running for 14.65)-
com.example.demo.DemoApplication-[INFO]- 2024-07-18 00:57:24,408-Starting DemoApplication using Java 21.0.3 with PID 4300 (C:\Users\asus\Downloads\02_Spring_product_crud_jpa\02_Spring_product_crud_jpa\target\classes started by asus in C:\Users\asus\Downloads\02_Spring_product_crud_jpa\02_Spring_product_crud_jpa)-
com.example.demo.DemoApplication-[INFO]- 2024-07-18 00:57:24,412-No active profile set, falling back to 1 default profile: "default"-
org.springframework.boot.devtools.env.DevToolsPropertyDefaultsPostProcessor-[INFO]- 2024-07-18 00:57:24,494-Devtools property defaults active! Set 'spring.devtools.add-properties' to 'false' to disable-
org.springframework.boot.devtools.env.DevToolsPropertyDefaultsPostProcessor-[INFO]- 2024-07-18 00:57:24,494-For additional web related logging consider setting the 'logging.level.web' property to 'DEBUG'-
org.springframework.data.repository.config.RepositoryConfigurationDelegate-[INFO]- 2024-07-18 00:57:25,424-Bootstrapping Spring Data JPA repositories in DEFAULT mode.-
org.springframework.data.repository.config.RepositoryConfigurationDelegate-[INFO]- 2024-07-18 00:57:25,484-Finished Spring Data repository scanning in 51 ms. Found 1 JPA repository interface.-
org.springframework.boot.web.embedded.tomcat.TomcatWebServer-[INFO]- 2024-07-18 00:57:26,089-Tomcat initialized with port 9191 (http)-
org.apache.catalina.core.StandardService-[INFO]- 2024-07-18 00:57:26,103-Starting service [Tomcat]-
org.apache.catalina.core.StandardEngine-[INFO]- 2024-07-18 00:57:26,104-Starting Servlet engine: [Apache Tomcat/10.1.24]-
org.apache.catalina.core.ContainerBase.[Tomcat].[localhost].[/]-[INFO]- 2024-07-18 00:57:26,164-Initializing Spring embedded WebApplicationContext-
org.springframework.boot.web.servlet.context.ServletWebServerApplicationContext-[INFO]- 2024-07-18 00:57:26,164-Root WebApplicationContext: initialization completed in 1669 ms-
org.hibernate.jpa.internal.util.LogHelper-[INFO]- 2024-07-18 00:57:26,343-HHH000204: Processing PersistenceUnitInfo [name: default]-
org.hibernate.Version-[INFO]- 2024-07-18 00:57:26,426-HHH000412: Hibernate ORM core version 6.5.2.Final-
org.hibernate.cache.internal.RegionFactoryInitiator-[INFO]- 2024-07-18 00:57:26,475-HHH000026: Second-level cache disabled-
org.springframework.orm.jpa.persistenceunit.SpringPersistenceUnitInfo-[INFO]- 2024-07-18 00:57:26,812-No LoadTimeWeaver setup: ignoring JPA class transformer-
com.zaxxer.hikari.HikariDataSource-[INFO]- 2024-07-18 00:57:26,843-HikariPool-1 - Starting...-
com.zaxxer.hikari.pool.HikariPool-[INFO]- 2024-07-18 00:57:27,641-HikariPool-1 - Added connection com.mysql.cj.jdbc.ConnectionImpl@410cef10-
com.zaxxer.hikari.HikariDataSource-[INFO]- 2024-07-18 00:57:27,646-HikariPool-1 - Start completed.-
org.hibernate.engine.transaction.jta.platform.internal.JtaPlatformInitiator-[INFO]- 2024-07-18 00:57:28,724-HHH000489: No JTA platform available (set 'hibernate.transaction.jta.platform' to enable JTA platform integration)-
org.springframework.orm.jpa.LocalContainerEntityManagerFactoryBean-[INFO]- 2024-07-18 00:57:28,836-Initialized JPA EntityManagerFactory for persistence unit 'default'-
org.springframework.boot.autoconfigure.orm.jpa.JpaBaseConfiguration$JpaWebConfiguration-[WARN]- 2024-07-18 00:57:29,186-spring.jpa.open-in-view is enabled by default. Therefore, database queries may be performed during view rendering. Explicitly configure spring.jpa.open-in-view to disable this warning-
org.springframework.boot.devtools.autoconfigure.OptionalLiveReloadServer-[INFO]- 2024-07-18 00:57:30,257-LiveReload server is running on port 35729-
org.springframework.boot.web.embedded.tomcat.TomcatWebServer-[INFO]- 2024-07-18 00:57:30,327-Tomcat started on port 9191 (http) with context path '/'-
com.example.demo.DemoApplication-[INFO]- 2024-07-18 00:57:30,354-Started DemoApplication in 6.389 seconds (process running for 12.651)-
org.apache.catalina.core.ContainerBase.[Tomcat].[localhost].[/]-[INFO]- 2024-07-18 00:58:52,932-Initializing Spring DispatcherServlet 'dispatcherServlet'-
org.springframework.web.servlet.DispatcherServlet-[INFO]- 2024-07-18 00:58:52,945-Initializing Servlet 'dispatcherServlet'-
org.springframework.web.servlet.DispatcherServlet-[INFO]- 2024-07-18 00:58:52,966-Completed initialization in 21 ms-
com.example.demo.service.ProductService-[INFO]- 2024-07-18 01:00:40,265-Fetching all records...-
com.example.demo.service.ProductService-[INFO]- 2024-07-18 02:08:42,410-Fetching all records...-
com.example.demo.service.ProductService-[INFO]- 2024-07-18 02:09:16,304-Fetching all records...-
com.example.demo.service.ProductService-[INFO]- 2024-07-18 02:10:20,994-Fetching all records...-
com.example.demo.service.ProductService-[INFO]- 2024-07-18 02:10:54,797-Fetching all records...-
com.example.demo.service.ProductService-[INFO]- 2024-07-18 02:30:58,030-Fetching all records...-
com.example.demo.service.ProductService-[INFO]- 2024-07-18 02:36:41,847-Fetching all records...-
com.example.demo.service.ProductService-[INFO]- 2024-07-18 02:38:51,719-Fetching all records...-
com.example.demo.service.ProductService-[INFO]- 2024-07-18 02:38:59,154-Fetching all records...-
com.example.demo.service.ProductService-[INFO]- 2024-07-18 02:39:07,067-Fetching all records...-
com.example.demo.service.ProductService-[INFO]- 2024-07-18 02:47:28,294-Fetching all records...-
com.example.demo.service.ProductService-[INFO]- 2024-07-18 02:49:30,556-Fetching all records...-
com.example.demo.service.ProductService-[INFO]- 2024-07-18 02:49:48,433-Fetching all records...-
com.example.demo.service.ProductService-[INFO]- 2024-07-18 02:54:39,978-Fetching all records...-
com.example.demo.service.ProductService-[INFO]- 2024-07-18 02:55:26,960-Fetching all records...-
com.example.demo.service.ProductService-[INFO]- 2024-07-18 02:57:43,746-Fetching all records...-
com.example.demo.service.ProductService-[INFO]- 2024-07-18 03:01:04,980-Fetching all records...-
com.example.demo.service.ProductService-[INFO]- 2024-07-18 03:03:37,893-Fetching all records...-
com.example.demo.service.ProductService-[INFO]- 2024-07-18 03:03:43,241-Fetching all records...-
com.example.demo.service.ProductService-[INFO]- 2024-07-18 03:05:17,251-Fetching all records...-
com.example.demo.service.ProductService-[INFO]- 2024-07-18 03:09:21,363-Fetching all records...-
com.example.demo.service.ProductService-[INFO]- 2024-07-18 03:10:49,872-Fetching all records...-
com.example.demo.service.ProductService-[INFO]- 2024-07-18 03:12:34,893-Fetching all records...-
com.example.demo.service.ProductService-[INFO]- 2024-07-18 03:13:21,198-Fetching all records...-
com.example.demo.service.ProductService-[INFO]- 2024-07-18 03:14:10,784-Fetching all records...-
com.example.demo.service.ProductService-[INFO]- 2024-07-18 03:15:15,204-Fetching all records...-
com.example.demo.service.ProductService-[INFO]- 2024-07-18 03:16:01,540-Fetching all records...-
com.example.demo.service.ProductService-[INFO]- 2024-07-18 03:16:32,548-Fetching all records...-
com.example.demo.service.ProductService-[INFO]- 2024-07-18 03:16:42,102-Fetching all records...-
